2021-06-09 03:00:32,802:INFO:The Application started successfully
2021-06-09 03:00:40,745:INFO:Browsing the files...
2021-06-09 03:00:45,926:INFO:An image has been added successfully
2021-06-09 03:00:49,581:INFO:Browsing the files...
2021-06-09 03:00:51,410:INFO:An image has been added successfully
2021-06-09 03:01:07,795:INFO:Component 1 is Image1 , component 2 is Image2
2021-06-09 03:01:09,600:INFO:Current mode is Real and Imaginary
2021-06-09 03:01:09,601:INFO:mixing 31 of Real with 0 of Imaginary 
2021-06-09 03:01:09,609:INFO:Component 1 is Image1 , component 2 is Image2
2021-06-09 03:01:10,826:INFO:Current mode is Real and Imaginary
2021-06-09 03:01:10,827:INFO:mixing 31 of Real with 1 of Imaginary 
2021-06-09 03:01:10,836:INFO:Component 1 is Image1 , component 2 is Image2
2021-06-09 03:01:10,841:INFO:Current mode is Real and Imaginary
2021-06-09 03:01:10,841:INFO:mixing 31 of Real with 2 of Imaginary 
2021-06-09 03:01:10,846:INFO:Component 1 is Image1 , component 2 is Image2
2021-06-09 03:01:10,851:INFO:Current mode is Real and Imaginary
2021-06-09 03:01:10,851:INFO:mixing 31 of Real with 5 of Imaginary 
2021-06-09 03:01:10,855:INFO:Component 1 is Image1 , component 2 is Image2
2021-06-09 03:01:10,860:INFO:Current mode is Real and Imaginary
2021-06-09 03:01:10,860:INFO:mixing 31 of Real with 7 of Imaginary 
2021-06-09 03:01:10,865:INFO:Component 1 is Image1 , component 2 is Image2
2021-06-09 03:01:10,869:INFO:Current mode is Real and Imaginary
2021-06-09 03:01:10,869:INFO:mixing 31 of Real with 9 of Imaginary 
2021-06-09 03:01:10,873:INFO:Component 1 is Image1 , component 2 is Image2
2021-06-09 03:01:10,877:INFO:Current mode is Real and Imaginary
2021-06-09 03:01:10,878:INFO:mixing 31 of Real with 11 of Imaginary 
2021-06-09 03:01:10,882:INFO:Component 1 is Image1 , component 2 is Image2
2021-06-09 03:01:10,886:INFO:Current mode is Real and Imaginary
2021-06-09 03:01:10,886:INFO:mixing 31 of Real with 13 of Imaginary 
2021-06-09 03:01:10,890:INFO:Component 1 is Image1 , component 2 is Image2
2021-06-09 03:01:10,894:INFO:Current mode is Real and Imaginary
2021-06-09 03:01:10,894:INFO:mixing 31 of Real with 15 of Imaginary 
2021-06-09 03:01:10,898:INFO:Component 1 is Image1 , component 2 is Image2
2021-06-09 03:01:10,903:INFO:Current mode is Real and Imaginary
2021-06-09 03:01:10,904:INFO:mixing 31 of Real with 17 of Imaginary 
2021-06-09 03:01:10,907:INFO:Component 1 is Image1 , component 2 is Image2
2021-06-09 03:01:10,914:INFO:Current mode is Real and Imaginary
2021-06-09 03:01:10,914:INFO:mixing 31 of Real with 19 of Imaginary 
2021-06-09 03:01:10,918:INFO:Component 1 is Image1 , component 2 is Image2
2021-06-09 03:01:10,923:INFO:Current mode is Real and Imaginary
2021-06-09 03:01:10,923:INFO:mixing 31 of Real with 21 of Imaginary 
2021-06-09 03:01:10,927:INFO:Component 1 is Image1 , component 2 is Image2
2021-06-09 03:01:10,933:INFO:Current mode is Real and Imaginary
2021-06-09 03:01:10,933:INFO:mixing 31 of Real with 22 of Imaginary 
2021-06-09 03:01:10,937:INFO:Component 1 is Image1 , component 2 is Image2
2021-06-09 03:01:10,943:INFO:Current mode is Real and Imaginary
2021-06-09 03:01:10,943:INFO:mixing 31 of Real with 24 of Imaginary 
2021-06-09 03:01:10,947:INFO:Component 1 is Image1 , component 2 is Image2
2021-06-09 03:01:10,953:INFO:Current mode is Real and Imaginary
2021-06-09 03:01:10,953:INFO:mixing 31 of Real with 25 of Imaginary 
2021-06-09 03:01:10,957:INFO:Component 1 is Image1 , component 2 is Image2
2021-06-09 03:01:10,963:INFO:Current mode is Real and Imaginary
2021-06-09 03:01:10,963:INFO:mixing 31 of Real with 27 of Imaginary 
2021-06-09 03:01:10,967:INFO:Component 1 is Image1 , component 2 is Image2
2021-06-09 03:01:10,973:INFO:Current mode is Real and Imaginary
2021-06-09 03:01:10,973:INFO:mixing 31 of Real with 29 of Imaginary 
2021-06-09 03:01:10,976:INFO:Component 1 is Image1 , component 2 is Image2
2021-06-09 03:01:10,982:INFO:Current mode is Real and Imaginary
2021-06-09 03:01:10,982:INFO:mixing 31 of Real with 30 of Imaginary 
2021-06-09 03:01:10,986:INFO:Component 1 is Image1 , component 2 is Image2
2021-06-09 03:01:10,993:INFO:Current mode is Real and Imaginary
2021-06-09 03:01:10,993:INFO:mixing 31 of Real with 31 of Imaginary 
2021-06-09 03:01:11,004:INFO:Component 1 is Image1 , component 2 is Image2
2021-06-09 03:01:11,010:INFO:Current mode is Real and Imaginary
2021-06-09 03:01:11,010:INFO:mixing 31 of Real with 32 of Imaginary 
2021-06-09 03:01:11,016:INFO:Component 1 is Image1 , component 2 is Image2
2021-06-09 03:01:11,020:INFO:Current mode is Real and Imaginary
2021-06-09 03:01:11,021:INFO:mixing 31 of Real with 33 of Imaginary 
2021-06-09 03:01:11,025:INFO:Component 1 is Image1 , component 2 is Image2
2021-06-09 03:01:11,028:INFO:Current mode is Real and Imaginary
2021-06-09 03:01:11,028:INFO:mixing 31 of Real with 34 of Imaginary 
2021-06-09 03:01:11,032:INFO:Component 1 is Image1 , component 2 is Image2
2021-06-09 03:01:11,036:INFO:Current mode is Real and Imaginary
2021-06-09 03:01:11,036:INFO:mixing 31 of Real with 35 of Imaginary 
2021-06-09 03:01:11,040:INFO:Component 1 is Image1 , component 2 is Image2
2021-06-09 03:01:11,052:INFO:Current mode is Real and Imaginary
2021-06-09 03:01:11,053:INFO:mixing 31 of Real with 36 of Imaginary 
2021-06-09 03:01:11,061:INFO:Component 1 is Image1 , component 2 is Image2
2021-06-09 03:01:11,067:INFO:Current mode is Real and Imaginary
2021-06-09 03:01:11,068:INFO:mixing 31 of Real with 37 of Imaginary 
2021-06-09 03:01:11,073:INFO:Component 1 is Image1 , component 2 is Image2
2021-06-09 03:01:11,081:INFO:Current mode is Real and Imaginary
2021-06-09 03:01:11,082:INFO:mixing 31 of Real with 38 of Imaginary 
2021-06-09 03:01:11,085:INFO:Component 1 is Image1 , component 2 is Image2
2021-06-09 03:01:11,101:INFO:Current mode is Real and Imaginary
2021-06-09 03:01:11,102:INFO:mixing 31 of Real with 39 of Imaginary 
2021-06-09 03:01:11,120:INFO:Component 1 is Image1 , component 2 is Image2
2021-06-09 03:01:11,127:INFO:Current mode is Real and Imaginary
2021-06-09 03:01:11,127:INFO:mixing 31 of Real with 40 of Imaginary 
2021-06-09 03:01:11,133:INFO:Component 1 is Image1 , component 2 is Image2
2021-06-09 03:01:11,137:INFO:Current mode is Real and Imaginary
2021-06-09 03:01:11,137:INFO:mixing 31 of Real with 41 of Imaginary 
2021-06-09 03:01:11,141:INFO:Component 1 is Image1 , component 2 is Image2
2021-06-09 03:01:11,150:INFO:Current mode is Real and Imaginary
2021-06-09 03:01:11,151:INFO:mixing 31 of Real with 42 of Imaginary 
2021-06-09 03:01:11,160:INFO:Component 1 is Image1 , component 2 is Image2
2021-06-09 03:01:11,166:INFO:Current mode is Real and Imaginary
2021-06-09 03:01:11,166:INFO:mixing 31 of Real with 43 of Imaginary 
2021-06-09 03:01:11,174:INFO:Component 1 is Image1 , component 2 is Image2
2021-06-09 03:01:11,179:INFO:Current mode is Real and Imaginary
2021-06-09 03:01:11,179:INFO:mixing 31 of Real with 44 of Imaginary 
2021-06-09 03:01:11,184:INFO:Component 1 is Image1 , component 2 is Image2
2021-06-09 03:01:11,188:INFO:Current mode is Real and Imaginary
2021-06-09 03:01:11,188:INFO:mixing 31 of Real with 45 of Imaginary 
2021-06-09 03:01:11,192:INFO:Component 1 is Image1 , component 2 is Image2
2021-06-09 03:01:11,199:INFO:Current mode is Real and Imaginary
2021-06-09 03:01:11,199:INFO:mixing 31 of Real with 46 of Imaginary 
2021-06-09 03:01:11,203:INFO:Component 1 is Image1 , component 2 is Image2
2021-06-09 03:01:11,219:INFO:Current mode is Real and Imaginary
2021-06-09 03:01:11,219:INFO:mixing 31 of Real with 47 of Imaginary 
2021-06-09 03:01:11,223:INFO:Component 1 is Image1 , component 2 is Image2
2021-06-09 03:01:11,249:INFO:Current mode is Real and Imaginary
2021-06-09 03:01:11,250:INFO:mixing 31 of Real with 48 of Imaginary 
2021-06-09 03:01:11,266:INFO:Component 1 is Image1 , component 2 is Image2
2021-06-09 03:01:11,278:INFO:Current mode is Real and Imaginary
2021-06-09 03:01:11,278:INFO:mixing 31 of Real with 49 of Imaginary 
2021-06-09 03:01:11,285:INFO:Component 1 is Image1 , component 2 is Image2
2021-06-09 03:01:11,299:INFO:Current mode is Real and Imaginary
2021-06-09 03:01:11,300:INFO:mixing 31 of Real with 50 of Imaginary 
2021-06-09 03:01:11,308:INFO:Component 1 is Image1 , component 2 is Image2
2021-06-09 03:01:11,327:INFO:Current mode is Real and Imaginary
2021-06-09 03:01:11,328:INFO:mixing 31 of Real with 51 of Imaginary 
2021-06-09 03:01:11,333:INFO:Component 1 is Image1 , component 2 is Image2
2021-06-09 03:01:11,347:INFO:Current mode is Real and Imaginary
2021-06-09 03:01:11,348:INFO:mixing 31 of Real with 52 of Imaginary 
2021-06-09 03:01:11,364:INFO:Component 1 is Image1 , component 2 is Image2
2021-06-09 03:01:11,372:INFO:Current mode is Real and Imaginary
2021-06-09 03:01:11,373:INFO:mixing 31 of Real with 53 of Imaginary 
2021-06-09 03:01:11,379:INFO:Component 1 is Image1 , component 2 is Image2
2021-06-09 03:01:11,397:INFO:Current mode is Real and Imaginary
2021-06-09 03:01:11,397:INFO:mixing 31 of Real with 54 of Imaginary 
2021-06-09 03:01:11,401:INFO:Component 1 is Image1 , component 2 is Image2
2021-06-09 03:01:11,427:INFO:Current mode is Real and Imaginary
2021-06-09 03:01:11,427:INFO:mixing 31 of Real with 55 of Imaginary 
2021-06-09 03:01:11,443:INFO:Component 1 is Image1 , component 2 is Image2
2021-06-09 03:01:11,455:INFO:Current mode is Real and Imaginary
2021-06-09 03:01:11,456:INFO:mixing 31 of Real with 56 of Imaginary 
2021-06-09 03:01:11,460:INFO:Component 1 is Image1 , component 2 is Image2
2021-06-09 03:01:11,486:INFO:Current mode is Real and Imaginary
2021-06-09 03:01:11,486:INFO:mixing 31 of Real with 57 of Imaginary 
2021-06-09 03:01:11,502:INFO:Component 1 is Image1 , component 2 is Image2
2021-06-09 03:01:11,524:INFO:Current mode is Real and Imaginary
2021-06-09 03:01:11,525:INFO:mixing 31 of Real with 58 of Imaginary 
2021-06-09 03:01:11,539:INFO:Component 1 is Image1 , component 2 is Image2
2021-06-09 03:01:11,614:INFO:Current mode is Real and Imaginary
2021-06-09 03:01:11,615:INFO:mixing 31 of Real with 59 of Imaginary 
2021-06-09 03:01:11,630:INFO:Component 1 is Image1 , component 2 is Image2
2021-06-09 03:01:12,116:INFO:Current mode is Real and Imaginary
2021-06-09 03:01:12,117:INFO:mixing 31 of Real with 58 of Imaginary 
2021-06-09 03:01:12,125:INFO:Component 1 is Image1 , component 2 is Image2
2021-06-09 03:01:12,135:INFO:Current mode is Real and Imaginary
2021-06-09 03:01:12,135:INFO:mixing 31 of Real with 57 of Imaginary 
2021-06-09 03:01:12,139:INFO:Component 1 is Image1 , component 2 is Image2
2021-06-09 03:01:12,155:INFO:Current mode is Real and Imaginary
2021-06-09 03:01:12,155:INFO:mixing 31 of Real with 56 of Imaginary 
2021-06-09 03:01:12,159:INFO:Component 1 is Image1 , component 2 is Image2
2021-06-09 03:01:12,185:INFO:Current mode is Real and Imaginary
2021-06-09 03:01:12,186:INFO:mixing 31 of Real with 55 of Imaginary 
2021-06-09 03:01:12,194:INFO:Component 1 is Image1 , component 2 is Image2
2021-06-09 03:01:12,198:INFO:Current mode is Real and Imaginary
2021-06-09 03:01:12,199:INFO:mixing 31 of Real with 54 of Imaginary 
2021-06-09 03:01:12,203:INFO:Component 1 is Image1 , component 2 is Image2
2021-06-09 03:01:12,207:INFO:Current mode is Real and Imaginary
2021-06-09 03:01:12,207:INFO:mixing 31 of Real with 53 of Imaginary 
2021-06-09 03:01:12,211:INFO:Component 1 is Image1 , component 2 is Image2
2021-06-09 03:01:12,216:INFO:Current mode is Real and Imaginary
2021-06-09 03:01:12,216:INFO:mixing 31 of Real with 52 of Imaginary 
2021-06-09 03:01:12,220:INFO:Component 1 is Image1 , component 2 is Image2
2021-06-09 03:01:12,224:INFO:Current mode is Real and Imaginary
2021-06-09 03:01:12,224:INFO:mixing 31 of Real with 51 of Imaginary 
2021-06-09 03:01:12,227:INFO:Component 1 is Image1 , component 2 is Image2
2021-06-09 03:01:12,233:INFO:Current mode is Real and Imaginary
2021-06-09 03:01:12,234:INFO:mixing 31 of Real with 49 of Imaginary 
2021-06-09 03:01:12,237:INFO:Component 1 is Image1 , component 2 is Image2
2021-06-09 03:01:12,243:INFO:Current mode is Real and Imaginary
2021-06-09 03:01:12,243:INFO:mixing 31 of Real with 48 of Imaginary 
2021-06-09 03:01:12,247:INFO:Component 1 is Image1 , component 2 is Image2
2021-06-09 03:01:12,253:INFO:Current mode is Real and Imaginary
2021-06-09 03:01:12,253:INFO:mixing 31 of Real with 47 of Imaginary 
2021-06-09 03:01:12,257:INFO:Component 1 is Image1 , component 2 is Image2
2021-06-09 03:01:12,263:INFO:Current mode is Real and Imaginary
2021-06-09 03:01:12,263:INFO:mixing 31 of Real with 46 of Imaginary 
2021-06-09 03:01:12,268:INFO:Component 1 is Image1 , component 2 is Image2
2021-06-09 03:01:12,273:INFO:Current mode is Real and Imaginary
2021-06-09 03:01:12,273:INFO:mixing 31 of Real with 45 of Imaginary 
2021-06-09 03:01:12,277:INFO:Component 1 is Image1 , component 2 is Image2
2021-06-09 03:01:12,294:INFO:Current mode is Real and Imaginary
2021-06-09 03:01:12,294:INFO:mixing 31 of Real with 44 of Imaginary 
2021-06-09 03:01:12,307:INFO:Component 1 is Image1 , component 2 is Image2
2021-06-09 03:01:12,323:INFO:Current mode is Real and Imaginary
2021-06-09 03:01:12,324:INFO:mixing 31 of Real with 43 of Imaginary 
2021-06-09 03:01:12,336:INFO:Component 1 is Image1 , component 2 is Image2
2021-06-09 03:01:12,362:INFO:Current mode is Real and Imaginary
2021-06-09 03:01:12,363:INFO:mixing 31 of Real with 42 of Imaginary 
2021-06-09 03:01:12,377:INFO:Component 1 is Image1 , component 2 is Image2
2021-06-09 03:01:12,421:INFO:Current mode is Real and Imaginary
2021-06-09 03:01:12,422:INFO:mixing 31 of Real with 41 of Imaginary 
2021-06-09 03:01:12,438:INFO:Component 1 is Image1 , component 2 is Image2
2021-06-09 03:01:12,944:INFO:Current mode is Real and Imaginary
2021-06-09 03:01:12,944:INFO:mixing 31 of Real with 42 of Imaginary 
2021-06-09 03:01:12,953:INFO:Component 1 is Image1 , component 2 is Image2
2021-06-09 03:01:13,032:INFO:Current mode is Real and Imaginary
2021-06-09 03:01:13,032:INFO:mixing 31 of Real with 41 of Imaginary 
2021-06-09 03:01:13,048:INFO:Component 1 is Image1 , component 2 is Image2
2021-06-09 03:01:13,062:INFO:Current mode is Real and Imaginary
2021-06-09 03:01:13,063:INFO:mixing 31 of Real with 37 of Imaginary 
2021-06-09 03:01:13,071:INFO:Component 1 is Image1 , component 2 is Image2
2021-06-09 03:01:13,077:INFO:Current mode is Real and Imaginary
2021-06-09 03:01:13,078:INFO:mixing 31 of Real with 35 of Imaginary 
2021-06-09 03:01:13,083:INFO:Component 1 is Image1 , component 2 is Image2
2021-06-09 03:01:13,088:INFO:Current mode is Real and Imaginary
2021-06-09 03:01:13,088:INFO:mixing 31 of Real with 34 of Imaginary 
2021-06-09 03:01:13,092:INFO:Component 1 is Image1 , component 2 is Image2
2021-06-09 03:01:13,100:INFO:Current mode is Real and Imaginary
2021-06-09 03:01:13,101:INFO:mixing 31 of Real with 33 of Imaginary 
2021-06-09 03:01:13,104:INFO:Component 1 is Image1 , component 2 is Image2
2021-06-09 03:01:13,121:INFO:Current mode is Real and Imaginary
2021-06-09 03:01:13,121:INFO:mixing 31 of Real with 32 of Imaginary 
2021-06-09 03:01:13,135:INFO:Component 1 is Image1 , component 2 is Image2
2021-06-09 03:01:13,160:INFO:Current mode is Real and Imaginary
2021-06-09 03:01:13,161:INFO:mixing 31 of Real with 31 of Imaginary 
2021-06-09 03:01:13,177:INFO:Component 1 is Image1 , component 2 is Image2
2021-06-09 03:01:13,258:INFO:Current mode is Real and Imaginary
2021-06-09 03:01:13,259:INFO:mixing 31 of Real with 30 of Imaginary 
2021-06-09 03:01:13,277:INFO:Component 1 is Image1 , component 2 is Image2
2021-06-09 03:01:13,328:INFO:Current mode is Real and Imaginary
2021-06-09 03:01:13,329:INFO:mixing 31 of Real with 29 of Imaginary 
2021-06-09 03:01:13,344:INFO:Component 1 is Image1 , component 2 is Image2
2021-06-09 03:01:13,515:INFO:Current mode is Real and Imaginary
2021-06-09 03:01:13,516:INFO:mixing 31 of Real with 28 of Imaginary 
2021-06-09 03:01:13,531:INFO:Component 1 is Image1 , component 2 is Image2
2021-06-09 03:01:13,702:INFO:Current mode is Real and Imaginary
2021-06-09 03:01:13,703:INFO:mixing 31 of Real with 27 of Imaginary 
2021-06-09 03:01:13,719:INFO:Component 1 is Image1 , component 2 is Image2
2021-06-09 03:01:14,766:INFO:Current mode is Real and Imaginary
2021-06-09 03:01:14,766:INFO:mixing 32 of Real with 27 of Imaginary 
2021-06-09 03:01:14,774:INFO:Component 1 is Image1 , component 2 is Image2
2021-06-09 03:01:14,933:INFO:Current mode is Real and Imaginary
2021-06-09 03:01:14,934:INFO:mixing 34 of Real with 27 of Imaginary 
2021-06-09 03:01:14,950:INFO:Component 1 is Image1 , component 2 is Image2
2021-06-09 03:01:14,966:INFO:Current mode is Real and Imaginary
2021-06-09 03:01:14,966:INFO:mixing 39 of Real with 27 of Imaginary 
2021-06-09 03:01:14,976:INFO:Component 1 is Image1 , component 2 is Image2
2021-06-09 03:01:14,984:INFO:Current mode is Real and Imaginary
2021-06-09 03:01:14,984:INFO:mixing 40 of Real with 27 of Imaginary 
2021-06-09 03:01:14,990:INFO:Component 1 is Image1 , component 2 is Image2
2021-06-09 03:01:14,994:INFO:Current mode is Real and Imaginary
2021-06-09 03:01:14,994:INFO:mixing 41 of Real with 27 of Imaginary 
2021-06-09 03:01:14,999:INFO:Component 1 is Image1 , component 2 is Image2
2021-06-09 03:01:15,003:INFO:Current mode is Real and Imaginary
2021-06-09 03:01:15,003:INFO:mixing 42 of Real with 27 of Imaginary 
2021-06-09 03:01:15,007:INFO:Component 1 is Image1 , component 2 is Image2
2021-06-09 03:01:15,022:INFO:Current mode is Real and Imaginary
2021-06-09 03:01:15,023:INFO:mixing 43 of Real with 27 of Imaginary 
2021-06-09 03:01:15,032:INFO:Component 1 is Image1 , component 2 is Image2
2021-06-09 03:01:15,052:INFO:Current mode is Real and Imaginary
2021-06-09 03:01:15,053:INFO:mixing 44 of Real with 27 of Imaginary 
2021-06-09 03:01:15,066:INFO:Component 1 is Image1 , component 2 is Image2
2021-06-09 03:01:15,090:INFO:Current mode is Real and Imaginary
2021-06-09 03:01:15,091:INFO:mixing 45 of Real with 27 of Imaginary 
2021-06-09 03:01:15,096:INFO:Component 1 is Image1 , component 2 is Image2
2021-06-09 03:01:15,159:INFO:Current mode is Real and Imaginary
2021-06-09 03:01:15,160:INFO:mixing 46 of Real with 27 of Imaginary 
2021-06-09 03:01:15,176:INFO:Component 1 is Image1 , component 2 is Image2
2021-06-09 03:01:15,741:INFO:Current mode is Real and Imaginary
2021-06-09 03:01:15,742:INFO:mixing 45 of Real with 27 of Imaginary 
2021-06-09 03:01:15,750:INFO:Component 1 is Image1 , component 2 is Image2
2021-06-09 03:01:15,819:INFO:Current mode is Real and Imaginary
2021-06-09 03:01:15,820:INFO:mixing 44 of Real with 27 of Imaginary 
2021-06-09 03:01:15,836:INFO:Component 1 is Image1 , component 2 is Image2
2021-06-09 03:01:15,938:INFO:Current mode is Real and Imaginary
2021-06-09 03:01:15,939:INFO:mixing 43 of Real with 27 of Imaginary 
2021-06-09 03:01:15,954:INFO:Component 1 is Image1 , component 2 is Image2
2021-06-09 03:01:16,007:INFO:Current mode is Real and Imaginary
2021-06-09 03:01:16,008:INFO:mixing 42 of Real with 27 of Imaginary 
2021-06-09 03:01:16,023:INFO:Component 1 is Image1 , component 2 is Image2
2021-06-09 03:01:16,066:INFO:Current mode is Real and Imaginary
2021-06-09 03:01:16,067:INFO:mixing 41 of Real with 27 of Imaginary 
2021-06-09 03:01:16,083:INFO:Component 1 is Image1 , component 2 is Image2
2021-06-09 03:01:16,125:INFO:Current mode is Real and Imaginary
2021-06-09 03:01:16,126:INFO:mixing 40 of Real with 27 of Imaginary 
2021-06-09 03:01:16,142:INFO:Component 1 is Image1 , component 2 is Image2
2021-06-09 03:01:16,174:INFO:Current mode is Real and Imaginary
2021-06-09 03:01:16,175:INFO:mixing 39 of Real with 27 of Imaginary 
2021-06-09 03:01:16,191:INFO:Component 1 is Image1 , component 2 is Image2
2021-06-09 03:01:16,234:INFO:Current mode is Real and Imaginary
2021-06-09 03:01:16,234:INFO:mixing 38 of Real with 27 of Imaginary 
2021-06-09 03:01:16,250:INFO:Component 1 is Image1 , component 2 is Image2
2021-06-09 03:01:16,273:INFO:Current mode is Real and Imaginary
2021-06-09 03:01:16,274:INFO:mixing 37 of Real with 27 of Imaginary 
2021-06-09 03:01:16,288:INFO:Component 1 is Image1 , component 2 is Image2
2021-06-09 03:01:16,421:INFO:Current mode is Real and Imaginary
2021-06-09 03:01:16,421:INFO:mixing 36 of Real with 27 of Imaginary 
2021-06-09 03:01:16,440:INFO:Component 1 is Image1 , component 2 is Image2
2021-06-09 03:01:16,864:INFO:Current mode is Real and Imaginary
2021-06-09 03:01:16,865:INFO:mixing 37 of Real with 27 of Imaginary 
2021-06-09 03:01:16,880:INFO:Component 1 is Image1 , component 2 is Image2
2021-06-09 03:01:16,923:INFO:Current mode is Real and Imaginary
2021-06-09 03:01:16,924:INFO:mixing 38 of Real with 27 of Imaginary 
2021-06-09 03:01:16,940:INFO:Component 1 is Image1 , component 2 is Image2
2021-06-09 03:01:16,972:INFO:Current mode is Real and Imaginary
2021-06-09 03:01:16,973:INFO:mixing 39 of Real with 27 of Imaginary 
2021-06-09 03:01:16,988:INFO:Component 1 is Image1 , component 2 is Image2
2021-06-09 03:01:20,553:INFO:Current mode is Real and Imaginary
2021-06-09 03:01:20,554:INFO:mixing 39 of Real with 27 of Imaginary 
2021-06-09 03:01:20,565:INFO:Component 1 is Image1 , component 2 is Image2
2021-06-09 03:01:22,839:INFO:Current mode is Real and Imaginary
2021-06-09 03:01:22,840:INFO:mixing 39 of Real with 27 of Imaginary 
2021-06-09 03:01:22,850:INFO:Component 1 is Image1 , component 2 is Image2
2021-06-09 03:01:26,284:INFO:Component 1 is Image1 , component 2 is Image2
2021-06-09 03:01:28,974:INFO:Current mode is Magnitude and Phase
2021-06-09 03:01:28,975:INFO:mixing 39 of Magnitude with 27 of Phase 
2021-06-09 03:01:28,985:INFO:Component 1 is Image1 , component 2 is Image2
2021-06-09 03:01:30,673:INFO:Current mode is Magnitude and Phase
2021-06-09 03:01:30,674:INFO:mixing 39 of Magnitude with 26 of Phase 
2021-06-09 03:01:30,689:INFO:Component 1 is Image1 , component 2 is Image2
2021-06-09 03:01:30,704:INFO:Current mode is Magnitude and Phase
2021-06-09 03:01:30,705:INFO:mixing 39 of Magnitude with 25 of Phase 
2021-06-09 03:01:30,716:INFO:Component 1 is Image1 , component 2 is Image2
2021-06-09 03:01:30,723:INFO:Current mode is Magnitude and Phase
2021-06-09 03:01:30,723:INFO:mixing 39 of Magnitude with 23 of Phase 
2021-06-09 03:01:30,728:INFO:Component 1 is Image1 , component 2 is Image2
2021-06-09 03:01:30,733:INFO:Current mode is Magnitude and Phase
2021-06-09 03:01:30,733:INFO:mixing 39 of Magnitude with 22 of Phase 
2021-06-09 03:01:30,737:INFO:Component 1 is Image1 , component 2 is Image2
2021-06-09 03:01:30,741:INFO:Current mode is Magnitude and Phase
2021-06-09 03:01:30,741:INFO:mixing 39 of Magnitude with 21 of Phase 
2021-06-09 03:01:30,745:INFO:Component 1 is Image1 , component 2 is Image2
2021-06-09 03:01:30,751:INFO:Current mode is Magnitude and Phase
2021-06-09 03:01:30,751:INFO:mixing 39 of Magnitude with 20 of Phase 
2021-06-09 03:01:30,755:INFO:Component 1 is Image1 , component 2 is Image2
2021-06-09 03:01:30,761:INFO:Current mode is Magnitude and Phase
2021-06-09 03:01:30,761:INFO:mixing 39 of Magnitude with 19 of Phase 
2021-06-09 03:01:30,765:INFO:Component 1 is Image1 , component 2 is Image2
2021-06-09 03:01:30,771:INFO:Current mode is Magnitude and Phase
2021-06-09 03:01:30,771:INFO:mixing 39 of Magnitude with 18 of Phase 
2021-06-09 03:01:30,775:INFO:Component 1 is Image1 , component 2 is Image2
2021-06-09 03:01:30,781:INFO:Current mode is Magnitude and Phase
2021-06-09 03:01:30,781:INFO:mixing 39 of Magnitude with 17 of Phase 
2021-06-09 03:01:30,785:INFO:Component 1 is Image1 , component 2 is Image2
2021-06-09 03:01:30,791:INFO:Current mode is Magnitude and Phase
2021-06-09 03:01:30,791:INFO:mixing 39 of Magnitude with 16 of Phase 
2021-06-09 03:01:30,795:INFO:Component 1 is Image1 , component 2 is Image2
2021-06-09 03:01:30,801:INFO:Current mode is Magnitude and Phase
2021-06-09 03:01:30,801:INFO:mixing 39 of Magnitude with 15 of Phase 
2021-06-09 03:01:30,805:INFO:Component 1 is Image1 , component 2 is Image2
2021-06-09 03:01:30,811:INFO:Current mode is Magnitude and Phase
2021-06-09 03:01:30,811:INFO:mixing 39 of Magnitude with 14 of Phase 
2021-06-09 03:01:30,815:INFO:Component 1 is Image1 , component 2 is Image2
2021-06-09 03:01:30,841:INFO:Current mode is Magnitude and Phase
2021-06-09 03:01:30,842:INFO:mixing 39 of Magnitude with 13 of Phase 
2021-06-09 03:01:30,860:INFO:Component 1 is Image1 , component 2 is Image2
2021-06-09 03:01:30,875:INFO:Current mode is Magnitude and Phase
2021-06-09 03:01:30,875:INFO:mixing 39 of Magnitude with 12 of Phase 
2021-06-09 03:01:30,884:INFO:Component 1 is Image1 , component 2 is Image2
2021-06-09 03:01:30,890:INFO:Current mode is Magnitude and Phase
2021-06-09 03:01:30,890:INFO:mixing 39 of Magnitude with 11 of Phase 
2021-06-09 03:01:30,896:INFO:Component 1 is Image1 , component 2 is Image2
2021-06-09 03:01:30,929:INFO:Current mode is Magnitude and Phase
2021-06-09 03:01:30,930:INFO:mixing 39 of Magnitude with 10 of Phase 
2021-06-09 03:01:30,947:INFO:Component 1 is Image1 , component 2 is Image2
2021-06-09 03:01:30,968:INFO:Current mode is Magnitude and Phase
2021-06-09 03:01:30,968:INFO:mixing 39 of Magnitude with 9 of Phase 
2021-06-09 03:01:30,976:INFO:Component 1 is Image1 , component 2 is Image2
2021-06-09 03:01:31,018:INFO:Current mode is Magnitude and Phase
2021-06-09 03:01:31,019:INFO:mixing 39 of Magnitude with 8 of Phase 
2021-06-09 03:01:31,035:INFO:Component 1 is Image1 , component 2 is Image2
2021-06-09 03:01:31,156:INFO:Current mode is Magnitude and Phase
2021-06-09 03:01:31,157:INFO:mixing 39 of Magnitude with 7 of Phase 
2021-06-09 03:01:31,173:INFO:Component 1 is Image1 , component 2 is Image2
2021-06-09 03:01:31,649:INFO:Current mode is Magnitude and Phase
2021-06-09 03:01:31,649:INFO:mixing 39 of Magnitude with 6 of Phase 
2021-06-09 03:01:31,667:INFO:Component 1 is Image1 , component 2 is Image2
2021-06-09 03:01:33,027:INFO:Current mode is Magnitude and Phase
2021-06-09 03:01:33,028:INFO:mixing 40 of Magnitude with 6 of Phase 
2021-06-09 03:01:33,043:INFO:Component 1 is Image1 , component 2 is Image2
2021-06-09 03:01:33,058:INFO:Current mode is Magnitude and Phase
2021-06-09 03:01:33,059:INFO:mixing 47 of Magnitude with 6 of Phase 
2021-06-09 03:01:33,069:INFO:Component 1 is Image1 , component 2 is Image2
2021-06-09 03:01:33,075:INFO:Current mode is Magnitude and Phase
2021-06-09 03:01:33,075:INFO:mixing 49 of Magnitude with 6 of Phase 
2021-06-09 03:01:33,081:INFO:Component 1 is Image1 , component 2 is Image2
2021-06-09 03:01:33,086:INFO:Current mode is Magnitude and Phase
2021-06-09 03:01:33,086:INFO:mixing 52 of Magnitude with 6 of Phase 
2021-06-09 03:01:33,090:INFO:Component 1 is Image1 , component 2 is Image2
2021-06-09 03:01:33,095:INFO:Current mode is Magnitude and Phase
2021-06-09 03:01:33,095:INFO:mixing 53 of Magnitude with 6 of Phase 
2021-06-09 03:01:33,099:INFO:Component 1 is Image1 , component 2 is Image2
2021-06-09 03:01:33,115:INFO:Current mode is Magnitude and Phase
2021-06-09 03:01:33,116:INFO:mixing 54 of Magnitude with 6 of Phase 
2021-06-09 03:01:33,125:INFO:Component 1 is Image1 , component 2 is Image2
2021-06-09 03:01:33,131:INFO:Current mode is Magnitude and Phase
2021-06-09 03:01:33,132:INFO:mixing 55 of Magnitude with 6 of Phase 
2021-06-09 03:01:33,137:INFO:Component 1 is Image1 , component 2 is Image2
2021-06-09 03:01:33,141:INFO:Current mode is Magnitude and Phase
2021-06-09 03:01:33,141:INFO:mixing 56 of Magnitude with 6 of Phase 
2021-06-09 03:01:33,145:INFO:Component 1 is Image1 , component 2 is Image2
2021-06-09 03:01:33,154:INFO:Current mode is Magnitude and Phase
2021-06-09 03:01:33,154:INFO:mixing 57 of Magnitude with 6 of Phase 
2021-06-09 03:01:33,158:INFO:Component 1 is Image1 , component 2 is Image2
2021-06-09 03:01:33,164:INFO:Current mode is Magnitude and Phase
2021-06-09 03:01:33,165:INFO:mixing 58 of Magnitude with 6 of Phase 
2021-06-09 03:01:33,169:INFO:Component 1 is Image1 , component 2 is Image2
2021-06-09 03:01:33,174:INFO:Current mode is Magnitude and Phase
2021-06-09 03:01:33,174:INFO:mixing 59 of Magnitude with 6 of Phase 
2021-06-09 03:01:33,178:INFO:Component 1 is Image1 , component 2 is Image2
2021-06-09 03:01:33,184:INFO:Current mode is Magnitude and Phase
2021-06-09 03:01:33,184:INFO:mixing 60 of Magnitude with 6 of Phase 
2021-06-09 03:01:33,188:INFO:Component 1 is Image1 , component 2 is Image2
2021-06-09 03:01:33,204:INFO:Current mode is Magnitude and Phase
2021-06-09 03:01:33,204:INFO:mixing 61 of Magnitude with 6 of Phase 
2021-06-09 03:01:33,208:INFO:Component 1 is Image1 , component 2 is Image2
2021-06-09 03:01:33,214:INFO:Current mode is Magnitude and Phase
2021-06-09 03:01:33,214:INFO:mixing 62 of Magnitude with 6 of Phase 
2021-06-09 03:01:33,218:INFO:Component 1 is Image1 , component 2 is Image2
2021-06-09 03:01:33,224:INFO:Current mode is Magnitude and Phase
2021-06-09 03:01:33,224:INFO:mixing 63 of Magnitude with 6 of Phase 
2021-06-09 03:01:33,227:INFO:Component 1 is Image1 , component 2 is Image2
2021-06-09 03:01:33,233:INFO:Current mode is Magnitude and Phase
2021-06-09 03:01:33,234:INFO:mixing 64 of Magnitude with 6 of Phase 
2021-06-09 03:01:33,239:INFO:Component 1 is Image1 , component 2 is Image2
2021-06-09 03:01:33,253:INFO:Current mode is Magnitude and Phase
2021-06-09 03:01:33,253:INFO:mixing 65 of Magnitude with 6 of Phase 
2021-06-09 03:01:33,257:INFO:Component 1 is Image1 , component 2 is Image2
2021-06-09 03:01:33,262:INFO:Current mode is Magnitude and Phase
2021-06-09 03:01:33,262:INFO:mixing 66 of Magnitude with 6 of Phase 
2021-06-09 03:01:33,267:INFO:Component 1 is Image1 , component 2 is Image2
2021-06-09 03:01:33,272:INFO:Current mode is Magnitude and Phase
2021-06-09 03:01:33,272:INFO:mixing 67 of Magnitude with 6 of Phase 
2021-06-09 03:01:33,276:INFO:Component 1 is Image1 , component 2 is Image2
2021-06-09 03:01:33,282:INFO:Current mode is Magnitude and Phase
2021-06-09 03:01:33,282:INFO:mixing 68 of Magnitude with 6 of Phase 
2021-06-09 03:01:33,286:INFO:Component 1 is Image1 , component 2 is Image2
2021-06-09 03:01:33,292:INFO:Current mode is Magnitude and Phase
2021-06-09 03:01:33,292:INFO:mixing 69 of Magnitude with 6 of Phase 
2021-06-09 03:01:33,296:INFO:Component 1 is Image1 , component 2 is Image2
2021-06-09 03:01:33,312:INFO:Current mode is Magnitude and Phase
2021-06-09 03:01:33,313:INFO:mixing 70 of Magnitude with 6 of Phase 
2021-06-09 03:01:33,328:INFO:Component 1 is Image1 , component 2 is Image2
2021-06-09 03:01:33,336:INFO:Current mode is Magnitude and Phase
2021-06-09 03:01:33,336:INFO:mixing 72 of Magnitude with 6 of Phase 
2021-06-09 03:01:33,342:INFO:Component 1 is Image1 , component 2 is Image2
2021-06-09 03:01:33,347:INFO:Current mode is Magnitude and Phase
2021-06-09 03:01:33,347:INFO:mixing 73 of Magnitude with 6 of Phase 
2021-06-09 03:01:33,353:INFO:Component 1 is Image1 , component 2 is Image2
2021-06-09 03:01:33,372:INFO:Current mode is Magnitude and Phase
2021-06-09 03:01:33,372:INFO:mixing 74 of Magnitude with 6 of Phase 
2021-06-09 03:01:33,386:INFO:Component 1 is Image1 , component 2 is Image2
2021-06-09 03:01:33,392:INFO:Current mode is Magnitude and Phase
2021-06-09 03:01:33,393:INFO:mixing 75 of Magnitude with 6 of Phase 
2021-06-09 03:01:33,399:INFO:Component 1 is Image1 , component 2 is Image2
2021-06-09 03:01:33,421:INFO:Current mode is Magnitude and Phase
2021-06-09 03:01:33,421:INFO:mixing 76 of Magnitude with 6 of Phase 
2021-06-09 03:01:33,432:INFO:Component 1 is Image1 , component 2 is Image2
2021-06-09 03:01:33,442:INFO:Current mode is Magnitude and Phase
2021-06-09 03:01:33,442:INFO:mixing 77 of Magnitude with 6 of Phase 
2021-06-09 03:01:33,453:INFO:Component 1 is Image1 , component 2 is Image2
2021-06-09 03:01:33,460:INFO:Current mode is Magnitude and Phase
2021-06-09 03:01:33,460:INFO:mixing 78 of Magnitude with 6 of Phase 
2021-06-09 03:01:33,466:INFO:Component 1 is Image1 , component 2 is Image2
2021-06-09 03:01:33,471:INFO:Current mode is Magnitude and Phase
2021-06-09 03:01:33,471:INFO:mixing 79 of Magnitude with 6 of Phase 
2021-06-09 03:01:33,475:INFO:Component 1 is Image1 , component 2 is Image2
2021-06-09 03:01:33,479:INFO:Current mode is Magnitude and Phase
2021-06-09 03:01:33,479:INFO:mixing 80 of Magnitude with 6 of Phase 
2021-06-09 03:01:33,484:INFO:Component 1 is Image1 , component 2 is Image2
2021-06-09 03:01:33,489:INFO:Current mode is Magnitude and Phase
2021-06-09 03:01:33,489:INFO:mixing 81 of Magnitude with 6 of Phase 
2021-06-09 03:01:33,493:INFO:Component 1 is Image1 , component 2 is Image2
2021-06-09 03:01:33,499:INFO:Current mode is Magnitude and Phase
2021-06-09 03:01:33,499:INFO:mixing 82 of Magnitude with 6 of Phase 
2021-06-09 03:01:33,503:INFO:Component 1 is Image1 , component 2 is Image2
2021-06-09 03:01:33,509:INFO:Current mode is Magnitude and Phase
2021-06-09 03:01:33,509:INFO:mixing 84 of Magnitude with 6 of Phase 
2021-06-09 03:01:33,513:INFO:Component 1 is Image1 , component 2 is Image2
2021-06-09 03:01:33,519:INFO:Current mode is Magnitude and Phase
2021-06-09 03:01:33,519:INFO:mixing 85 of Magnitude with 6 of Phase 
2021-06-09 03:01:33,522:INFO:Component 1 is Image1 , component 2 is Image2
2021-06-09 03:01:33,529:INFO:Current mode is Magnitude and Phase
2021-06-09 03:01:33,529:INFO:mixing 86 of Magnitude with 6 of Phase 
2021-06-09 03:01:33,533:INFO:Component 1 is Image1 , component 2 is Image2
2021-06-09 03:01:33,538:INFO:Current mode is Magnitude and Phase
2021-06-09 03:01:33,538:INFO:mixing 88 of Magnitude with 6 of Phase 
2021-06-09 03:01:33,542:INFO:Component 1 is Image1 , component 2 is Image2
2021-06-09 03:01:33,548:INFO:Current mode is Magnitude and Phase
2021-06-09 03:01:33,548:INFO:mixing 89 of Magnitude with 6 of Phase 
2021-06-09 03:01:33,552:INFO:Component 1 is Image1 , component 2 is Image2
2021-06-09 03:01:33,558:INFO:Current mode is Magnitude and Phase
2021-06-09 03:01:33,558:INFO:mixing 90 of Magnitude with 6 of Phase 
2021-06-09 03:01:33,562:INFO:Component 1 is Image1 , component 2 is Image2
2021-06-09 03:01:33,568:INFO:Current mode is Magnitude and Phase
2021-06-09 03:01:33,569:INFO:mixing 91 of Magnitude with 6 of Phase 
2021-06-09 03:01:33,573:INFO:Component 1 is Image1 , component 2 is Image2
2021-06-09 03:01:33,578:INFO:Current mode is Magnitude and Phase
2021-06-09 03:01:33,578:INFO:mixing 92 of Magnitude with 6 of Phase 
2021-06-09 03:01:33,583:INFO:Component 1 is Image1 , component 2 is Image2
2021-06-09 03:01:33,588:INFO:Current mode is Magnitude and Phase
2021-06-09 03:01:33,588:INFO:mixing 93 of Magnitude with 6 of Phase 
2021-06-09 03:01:33,593:INFO:Component 1 is Image1 , component 2 is Image2
2021-06-09 03:01:33,598:INFO:Current mode is Magnitude and Phase
2021-06-09 03:01:33,598:INFO:mixing 95 of Magnitude with 6 of Phase 
2021-06-09 03:01:33,603:INFO:Component 1 is Image1 , component 2 is Image2
2021-06-09 03:01:33,608:INFO:Current mode is Magnitude and Phase
2021-06-09 03:01:33,609:INFO:mixing 96 of Magnitude with 6 of Phase 
2021-06-09 03:01:33,614:INFO:Component 1 is Image1 , component 2 is Image2
2021-06-09 03:01:33,619:INFO:Current mode is Magnitude and Phase
2021-06-09 03:01:33,619:INFO:mixing 97 of Magnitude with 6 of Phase 
2021-06-09 03:01:33,624:INFO:Component 1 is Image1 , component 2 is Image2
2021-06-09 03:01:33,629:INFO:Current mode is Magnitude and Phase
2021-06-09 03:01:33,629:INFO:mixing 98 of Magnitude with 6 of Phase 
2021-06-09 03:01:33,634:INFO:Component 1 is Image1 , component 2 is Image2
2021-06-09 03:01:33,638:INFO:Current mode is Magnitude and Phase
2021-06-09 03:01:33,638:INFO:mixing 99 of Magnitude with 6 of Phase 
2021-06-09 03:01:33,643:INFO:Component 1 is Image1 , component 2 is Image2
2021-06-09 03:01:33,647:INFO:Current mode is Magnitude and Phase
2021-06-09 03:01:33,647:INFO:mixing 100 of Magnitude with 6 of Phase 
2021-06-09 03:01:33,652:INFO:Component 1 is Image1 , component 2 is Image2
2021-06-09 03:01:35,174:INFO:Current mode is Magnitude and Phase
2021-06-09 03:01:35,175:INFO:mixing 99 of Magnitude with 6 of Phase 
2021-06-09 03:01:35,182:INFO:Component 1 is Image1 , component 2 is Image2
2021-06-09 03:01:35,193:INFO:Current mode is Magnitude and Phase
2021-06-09 03:01:35,193:INFO:mixing 98 of Magnitude with 6 of Phase 
2021-06-09 03:01:35,199:INFO:Component 1 is Image1 , component 2 is Image2
2021-06-09 03:01:35,203:INFO:Current mode is Magnitude and Phase
2021-06-09 03:01:35,203:INFO:mixing 97 of Magnitude with 6 of Phase 
2021-06-09 03:01:35,207:INFO:Component 1 is Image1 , component 2 is Image2
2021-06-09 03:01:35,213:INFO:Current mode is Magnitude and Phase
2021-06-09 03:01:35,213:INFO:mixing 96 of Magnitude with 6 of Phase 
2021-06-09 03:01:35,218:INFO:Component 1 is Image1 , component 2 is Image2
2021-06-09 03:01:35,223:INFO:Current mode is Magnitude and Phase
2021-06-09 03:01:35,223:INFO:mixing 95 of Magnitude with 6 of Phase 
2021-06-09 03:01:35,227:INFO:Component 1 is Image1 , component 2 is Image2
2021-06-09 03:01:35,232:INFO:Current mode is Magnitude and Phase
2021-06-09 03:01:35,233:INFO:mixing 94 of Magnitude with 6 of Phase 
2021-06-09 03:01:35,237:INFO:Component 1 is Image1 , component 2 is Image2
2021-06-09 03:01:35,242:INFO:Current mode is Magnitude and Phase
2021-06-09 03:01:35,242:INFO:mixing 93 of Magnitude with 6 of Phase 
2021-06-09 03:01:35,246:INFO:Component 1 is Image1 , component 2 is Image2
2021-06-09 03:01:35,263:INFO:Current mode is Magnitude and Phase
2021-06-09 03:01:35,264:INFO:mixing 92 of Magnitude with 6 of Phase 
2021-06-09 03:01:35,278:INFO:Component 1 is Image1 , component 2 is Image2
2021-06-09 03:01:35,285:INFO:Current mode is Magnitude and Phase
2021-06-09 03:01:35,286:INFO:mixing 91 of Magnitude with 6 of Phase 
2021-06-09 03:01:35,291:INFO:Component 1 is Image1 , component 2 is Image2
2021-06-09 03:01:35,296:INFO:Current mode is Magnitude and Phase
2021-06-09 03:01:35,296:INFO:mixing 90 of Magnitude with 6 of Phase 
2021-06-09 03:01:35,300:INFO:Component 1 is Image1 , component 2 is Image2
2021-06-09 03:01:35,304:INFO:Current mode is Magnitude and Phase
2021-06-09 03:01:35,304:INFO:mixing 89 of Magnitude with 6 of Phase 
2021-06-09 03:01:35,308:INFO:Component 1 is Image1 , component 2 is Image2
2021-06-09 03:01:35,322:INFO:Current mode is Magnitude and Phase
2021-06-09 03:01:35,323:INFO:mixing 88 of Magnitude with 6 of Phase 
2021-06-09 03:01:35,332:INFO:Component 1 is Image1 , component 2 is Image2
2021-06-09 03:01:35,338:INFO:Current mode is Magnitude and Phase
2021-06-09 03:01:35,339:INFO:mixing 87 of Magnitude with 6 of Phase 
2021-06-09 03:01:35,344:INFO:Component 1 is Image1 , component 2 is Image2
2021-06-09 03:01:35,349:INFO:Current mode is Magnitude and Phase
2021-06-09 03:01:35,349:INFO:mixing 86 of Magnitude with 6 of Phase 
2021-06-09 03:01:35,353:INFO:Component 1 is Image1 , component 2 is Image2
2021-06-09 03:01:35,357:INFO:Current mode is Magnitude and Phase
2021-06-09 03:01:35,357:INFO:mixing 85 of Magnitude with 6 of Phase 
2021-06-09 03:01:35,361:INFO:Component 1 is Image1 , component 2 is Image2
2021-06-09 03:01:35,365:INFO:Current mode is Magnitude and Phase
2021-06-09 03:01:35,365:INFO:mixing 83 of Magnitude with 6 of Phase 
2021-06-09 03:01:35,369:INFO:Component 1 is Image1 , component 2 is Image2
2021-06-09 03:01:35,373:INFO:Current mode is Magnitude and Phase
2021-06-09 03:01:35,373:INFO:mixing 81 of Magnitude with 6 of Phase 
2021-06-09 03:01:35,377:INFO:Component 1 is Image1 , component 2 is Image2
2021-06-09 03:01:35,381:INFO:Current mode is Magnitude and Phase
2021-06-09 03:01:35,382:INFO:mixing 78 of Magnitude with 6 of Phase 
2021-06-09 03:01:35,386:INFO:Component 1 is Image1 , component 2 is Image2
2021-06-09 03:01:35,390:INFO:Current mode is Magnitude and Phase
2021-06-09 03:01:35,390:INFO:mixing 76 of Magnitude with 6 of Phase 
2021-06-09 03:01:35,394:INFO:Component 1 is Image1 , component 2 is Image2
2021-06-09 03:01:35,400:INFO:Current mode is Magnitude and Phase
2021-06-09 03:01:35,400:INFO:mixing 74 of Magnitude with 6 of Phase 
2021-06-09 03:01:35,404:INFO:Component 1 is Image1 , component 2 is Image2
2021-06-09 03:01:35,410:INFO:Current mode is Magnitude and Phase
2021-06-09 03:01:35,410:INFO:mixing 71 of Magnitude with 6 of Phase 
2021-06-09 03:01:35,414:INFO:Component 1 is Image1 , component 2 is Image2
2021-06-09 03:01:35,419:INFO:Current mode is Magnitude and Phase
2021-06-09 03:01:35,420:INFO:mixing 69 of Magnitude with 6 of Phase 
2021-06-09 03:01:35,423:INFO:Component 1 is Image1 , component 2 is Image2
2021-06-09 03:01:35,430:INFO:Current mode is Magnitude and Phase
2021-06-09 03:01:35,430:INFO:mixing 66 of Magnitude with 6 of Phase 
2021-06-09 03:01:35,441:INFO:Component 1 is Image1 , component 2 is Image2
2021-06-09 03:01:35,447:INFO:Current mode is Magnitude and Phase
2021-06-09 03:01:35,448:INFO:mixing 64 of Magnitude with 6 of Phase 
2021-06-09 03:01:35,453:INFO:Component 1 is Image1 , component 2 is Image2
2021-06-09 03:01:35,457:INFO:Current mode is Magnitude and Phase
2021-06-09 03:01:35,457:INFO:mixing 63 of Magnitude with 6 of Phase 
2021-06-09 03:01:35,461:INFO:Component 1 is Image1 , component 2 is Image2
2021-06-09 03:01:35,466:INFO:Current mode is Magnitude and Phase
2021-06-09 03:01:35,466:INFO:mixing 60 of Magnitude with 6 of Phase 
2021-06-09 03:01:35,470:INFO:Component 1 is Image1 , component 2 is Image2
2021-06-09 03:01:35,473:INFO:Current mode is Magnitude and Phase
2021-06-09 03:01:35,473:INFO:mixing 58 of Magnitude with 6 of Phase 
2021-06-09 03:01:35,477:INFO:Component 1 is Image1 , component 2 is Image2
2021-06-09 03:01:35,481:INFO:Current mode is Magnitude and Phase
2021-06-09 03:01:35,481:INFO:mixing 55 of Magnitude with 6 of Phase 
2021-06-09 03:01:35,485:INFO:Component 1 is Image1 , component 2 is Image2
2021-06-09 03:01:35,489:INFO:Current mode is Magnitude and Phase
2021-06-09 03:01:35,489:INFO:mixing 53 of Magnitude with 6 of Phase 
2021-06-09 03:01:35,493:INFO:Component 1 is Image1 , component 2 is Image2
2021-06-09 03:01:35,499:INFO:Current mode is Magnitude and Phase
2021-06-09 03:01:35,499:INFO:mixing 51 of Magnitude with 6 of Phase 
2021-06-09 03:01:35,503:INFO:Component 1 is Image1 , component 2 is Image2
2021-06-09 03:01:35,508:INFO:Current mode is Magnitude and Phase
2021-06-09 03:01:35,509:INFO:mixing 49 of Magnitude with 6 of Phase 
2021-06-09 03:01:35,512:INFO:Component 1 is Image1 , component 2 is Image2
2021-06-09 03:01:35,518:INFO:Current mode is Magnitude and Phase
2021-06-09 03:01:35,519:INFO:mixing 47 of Magnitude with 6 of Phase 
2021-06-09 03:01:35,522:INFO:Component 1 is Image1 , component 2 is Image2
2021-06-09 03:01:35,538:INFO:Current mode is Magnitude and Phase
2021-06-09 03:01:35,538:INFO:mixing 46 of Magnitude with 6 of Phase 
2021-06-09 03:01:35,542:INFO:Component 1 is Image1 , component 2 is Image2
2021-06-09 03:01:35,547:INFO:Current mode is Magnitude and Phase
2021-06-09 03:01:35,548:INFO:mixing 45 of Magnitude with 6 of Phase 
2021-06-09 03:01:35,552:INFO:Component 1 is Image1 , component 2 is Image2
2021-06-09 03:01:35,568:INFO:Current mode is Magnitude and Phase
2021-06-09 03:01:35,569:INFO:mixing 44 of Magnitude with 6 of Phase 
2021-06-09 03:01:35,584:INFO:Component 1 is Image1 , component 2 is Image2
2021-06-09 03:01:35,593:INFO:Current mode is Magnitude and Phase
2021-06-09 03:01:35,593:INFO:mixing 43 of Magnitude with 6 of Phase 
2021-06-09 03:01:35,600:INFO:Component 1 is Image1 , component 2 is Image2
2021-06-09 03:01:35,605:INFO:Current mode is Magnitude and Phase
2021-06-09 03:01:35,605:INFO:mixing 42 of Magnitude with 6 of Phase 
2021-06-09 03:01:35,610:INFO:Component 1 is Image1 , component 2 is Image2
2021-06-09 03:01:35,617:INFO:Current mode is Magnitude and Phase
2021-06-09 03:01:35,617:INFO:mixing 41 of Magnitude with 6 of Phase 
2021-06-09 03:01:35,621:INFO:Component 1 is Image1 , component 2 is Image2
2021-06-09 03:01:35,627:INFO:Current mode is Magnitude and Phase
2021-06-09 03:01:35,627:INFO:mixing 40 of Magnitude with 6 of Phase 
2021-06-09 03:01:35,631:INFO:Component 1 is Image1 , component 2 is Image2
2021-06-09 03:01:35,657:INFO:Current mode is Magnitude and Phase
2021-06-09 03:01:35,657:INFO:mixing 39 of Magnitude with 6 of Phase 
2021-06-09 03:01:35,673:INFO:Component 1 is Image1 , component 2 is Image2
2021-06-09 03:01:35,696:INFO:Current mode is Magnitude and Phase
2021-06-09 03:01:35,697:INFO:mixing 38 of Magnitude with 6 of Phase 
2021-06-09 03:01:35,712:INFO:Component 1 is Image1 , component 2 is Image2
2021-06-09 03:01:35,745:INFO:Current mode is Magnitude and Phase
2021-06-09 03:01:35,746:INFO:mixing 37 of Magnitude with 6 of Phase 
2021-06-09 03:01:35,763:INFO:Component 1 is Image1 , component 2 is Image2
2021-06-09 03:01:36,179:INFO:Current mode is Magnitude and Phase
2021-06-09 03:01:36,180:INFO:mixing 36 of Magnitude with 6 of Phase 
2021-06-09 03:01:36,197:INFO:Component 1 is Image1 , component 2 is Image2
2021-06-09 03:01:36,212:INFO:Current mode is Magnitude and Phase
2021-06-09 03:01:36,212:INFO:mixing 31 of Magnitude with 6 of Phase 
2021-06-09 03:01:36,221:INFO:Component 1 is Image1 , component 2 is Image2
2021-06-09 03:01:36,227:INFO:Current mode is Magnitude and Phase
2021-06-09 03:01:36,227:INFO:mixing 27 of Magnitude with 6 of Phase 
2021-06-09 03:01:36,233:INFO:Component 1 is Image1 , component 2 is Image2
2021-06-09 03:01:36,238:INFO:Current mode is Magnitude and Phase
2021-06-09 03:01:36,238:INFO:mixing 22 of Magnitude with 6 of Phase 
2021-06-09 03:01:36,242:INFO:Component 1 is Image1 , component 2 is Image2
2021-06-09 03:01:36,247:INFO:Current mode is Magnitude and Phase
2021-06-09 03:01:36,248:INFO:mixing 21 of Magnitude with 6 of Phase 
2021-06-09 03:01:36,253:INFO:Component 1 is Image1 , component 2 is Image2
2021-06-09 03:01:36,258:INFO:Current mode is Magnitude and Phase
2021-06-09 03:01:36,258:INFO:mixing 20 of Magnitude with 6 of Phase 
2021-06-09 03:01:36,262:INFO:Component 1 is Image1 , component 2 is Image2
2021-06-09 03:01:36,267:INFO:Current mode is Magnitude and Phase
2021-06-09 03:01:36,267:INFO:mixing 19 of Magnitude with 6 of Phase 
2021-06-09 03:01:36,271:INFO:Component 1 is Image1 , component 2 is Image2
2021-06-09 03:01:36,288:INFO:Current mode is Magnitude and Phase
2021-06-09 03:01:36,288:INFO:mixing 18 of Magnitude with 6 of Phase 
2021-06-09 03:01:36,301:INFO:Component 1 is Image1 , component 2 is Image2
2021-06-09 03:01:36,317:INFO:Current mode is Magnitude and Phase
2021-06-09 03:01:36,317:INFO:mixing 17 of Magnitude with 6 of Phase 
2021-06-09 03:01:36,327:INFO:Component 1 is Image1 , component 2 is Image2
2021-06-09 03:01:36,346:INFO:Current mode is Magnitude and Phase
2021-06-09 03:01:36,346:INFO:mixing 16 of Magnitude with 6 of Phase 
2021-06-09 03:01:36,360:INFO:Component 1 is Image1 , component 2 is Image2
2021-06-09 03:01:36,385:INFO:Current mode is Magnitude and Phase
2021-06-09 03:01:36,386:INFO:mixing 15 of Magnitude with 6 of Phase 
2021-06-09 03:01:36,403:INFO:Component 1 is Image1 , component 2 is Image2
2021-06-09 03:01:36,425:INFO:Current mode is Magnitude and Phase
2021-06-09 03:01:36,426:INFO:mixing 14 of Magnitude with 6 of Phase 
2021-06-09 03:01:36,439:INFO:Component 1 is Image1 , component 2 is Image2
2021-06-09 03:01:36,465:INFO:Current mode is Magnitude and Phase
2021-06-09 03:01:36,466:INFO:mixing 13 of Magnitude with 6 of Phase 
2021-06-09 03:01:36,481:INFO:Component 1 is Image1 , component 2 is Image2
2021-06-09 03:01:36,513:INFO:Current mode is Magnitude and Phase
2021-06-09 03:01:36,514:INFO:mixing 12 of Magnitude with 6 of Phase 
2021-06-09 03:01:36,530:INFO:Component 1 is Image1 , component 2 is Image2
2021-06-09 03:01:36,563:INFO:Current mode is Magnitude and Phase
2021-06-09 03:01:36,564:INFO:mixing 11 of Magnitude with 6 of Phase 
2021-06-09 03:01:36,579:INFO:Component 1 is Image1 , component 2 is Image2
2021-06-09 03:01:36,642:INFO:Current mode is Magnitude and Phase
2021-06-09 03:01:36,642:INFO:mixing 10 of Magnitude with 6 of Phase 
2021-06-09 03:01:36,653:INFO:Component 1 is Image1 , component 2 is Image2
2021-06-09 03:01:36,701:INFO:Current mode is Magnitude and Phase
2021-06-09 03:01:36,702:INFO:mixing 9 of Magnitude with 6 of Phase 
2021-06-09 03:01:36,717:INFO:Component 1 is Image1 , component 2 is Image2
2021-06-09 03:01:36,730:INFO:Current mode is Magnitude and Phase
2021-06-09 03:01:36,730:INFO:mixing 8 of Magnitude with 6 of Phase 
2021-06-09 03:01:36,737:INFO:Component 1 is Image1 , component 2 is Image2
2021-06-09 03:01:36,759:INFO:Current mode is Magnitude and Phase
2021-06-09 03:01:36,760:INFO:mixing 7 of Magnitude with 6 of Phase 
2021-06-09 03:01:36,770:INFO:Component 1 is Image1 , component 2 is Image2
2021-06-09 03:01:36,779:INFO:Current mode is Magnitude and Phase
2021-06-09 03:01:36,779:INFO:mixing 6 of Magnitude with 6 of Phase 
2021-06-09 03:01:36,785:INFO:Component 1 is Image1 , component 2 is Image2
2021-06-09 03:01:36,800:INFO:Current mode is Magnitude and Phase
2021-06-09 03:01:36,800:INFO:mixing 5 of Magnitude with 6 of Phase 
2021-06-09 03:01:36,811:INFO:Component 1 is Image1 , component 2 is Image2
2021-06-09 03:01:36,829:INFO:Current mode is Magnitude and Phase
2021-06-09 03:01:36,830:INFO:mixing 4 of Magnitude with 6 of Phase 
2021-06-09 03:01:36,844:INFO:Component 1 is Image1 , component 2 is Image2
2021-06-09 03:01:36,851:INFO:Current mode is Magnitude and Phase
2021-06-09 03:01:36,852:INFO:mixing 3 of Magnitude with 6 of Phase 
2021-06-09 03:01:36,857:INFO:Component 1 is Image1 , component 2 is Image2
2021-06-09 03:01:36,867:INFO:Current mode is Magnitude and Phase
2021-06-09 03:01:36,867:INFO:mixing 2 of Magnitude with 6 of Phase 
2021-06-09 03:01:36,872:INFO:Component 1 is Image1 , component 2 is Image2
2021-06-09 03:01:36,898:INFO:Current mode is Magnitude and Phase
2021-06-09 03:01:36,898:INFO:mixing 1 of Magnitude with 6 of Phase 
2021-06-09 03:01:36,915:INFO:Component 1 is Image1 , component 2 is Image2
2021-06-09 03:01:36,924:INFO:Current mode is Magnitude and Phase
2021-06-09 03:01:36,924:INFO:mixing 0 of Magnitude with 6 of Phase 
2021-06-09 03:01:36,931:INFO:Component 1 is Image1 , component 2 is Image2
2021-06-09 03:01:38,237:INFO:Current mode is Magnitude and Phase
2021-06-09 03:01:38,238:INFO:mixing 4 of Magnitude with 6 of Phase 
2021-06-09 03:01:38,247:INFO:Component 1 is Image1 , component 2 is Image2
2021-06-09 03:01:38,252:INFO:Current mode is Magnitude and Phase
2021-06-09 03:01:38,252:INFO:mixing 10 of Magnitude with 6 of Phase 
2021-06-09 03:01:38,259:INFO:Component 1 is Image1 , component 2 is Image2
2021-06-09 03:01:38,264:INFO:Current mode is Magnitude and Phase
2021-06-09 03:01:38,265:INFO:mixing 14 of Magnitude with 6 of Phase 
2021-06-09 03:01:38,269:INFO:Component 1 is Image1 , component 2 is Image2
2021-06-09 03:01:38,274:INFO:Current mode is Magnitude and Phase
2021-06-09 03:01:38,274:INFO:mixing 18 of Magnitude with 6 of Phase 
2021-06-09 03:01:38,278:INFO:Component 1 is Image1 , component 2 is Image2
2021-06-09 03:01:38,283:INFO:Current mode is Magnitude and Phase
2021-06-09 03:01:38,284:INFO:mixing 20 of Magnitude with 6 of Phase 
2021-06-09 03:01:38,288:INFO:Component 1 is Image1 , component 2 is Image2
2021-06-09 03:01:38,292:INFO:Current mode is Magnitude and Phase
2021-06-09 03:01:38,292:INFO:mixing 22 of Magnitude with 6 of Phase 
2021-06-09 03:01:38,296:INFO:Component 1 is Image1 , component 2 is Image2
2021-06-09 03:01:38,301:INFO:Current mode is Magnitude and Phase
2021-06-09 03:01:38,301:INFO:mixing 23 of Magnitude with 6 of Phase 
2021-06-09 03:01:38,305:INFO:Component 1 is Image1 , component 2 is Image2
2021-06-09 03:01:38,309:INFO:Current mode is Magnitude and Phase
2021-06-09 03:01:38,309:INFO:mixing 24 of Magnitude with 6 of Phase 
2021-06-09 03:01:38,312:INFO:Component 1 is Image1 , component 2 is Image2
2021-06-09 03:01:38,316:INFO:Current mode is Magnitude and Phase
2021-06-09 03:01:38,317:INFO:mixing 25 of Magnitude with 6 of Phase 
2021-06-09 03:01:38,320:INFO:Component 1 is Image1 , component 2 is Image2
2021-06-09 03:01:38,326:INFO:Current mode is Magnitude and Phase
2021-06-09 03:01:38,326:INFO:mixing 26 of Magnitude with 6 of Phase 
2021-06-09 03:01:38,330:INFO:Component 1 is Image1 , component 2 is Image2
2021-06-09 03:01:38,345:INFO:Current mode is Magnitude and Phase
2021-06-09 03:01:38,346:INFO:mixing 27 of Magnitude with 6 of Phase 
2021-06-09 03:01:38,354:INFO:Component 1 is Image1 , component 2 is Image2
2021-06-09 03:01:38,395:INFO:Current mode is Magnitude and Phase
2021-06-09 03:01:38,396:INFO:mixing 28 of Magnitude with 6 of Phase 
2021-06-09 03:01:38,411:INFO:Component 1 is Image1 , component 2 is Image2
2021-06-09 03:01:38,434:INFO:Current mode is Magnitude and Phase
2021-06-09 03:01:38,435:INFO:mixing 29 of Magnitude with 6 of Phase 
2021-06-09 03:01:38,450:INFO:Component 1 is Image1 , component 2 is Image2
2021-06-09 03:01:38,475:INFO:Current mode is Magnitude and Phase
2021-06-09 03:01:38,475:INFO:mixing 30 of Magnitude with 6 of Phase 
2021-06-09 03:01:38,490:INFO:Component 1 is Image1 , component 2 is Image2
2021-06-09 03:01:38,503:INFO:Current mode is Magnitude and Phase
2021-06-09 03:01:38,503:INFO:mixing 31 of Magnitude with 6 of Phase 
2021-06-09 03:01:38,510:INFO:Component 1 is Image1 , component 2 is Image2
2021-06-09 03:01:38,543:INFO:Current mode is Magnitude and Phase
2021-06-09 03:01:38,544:INFO:mixing 32 of Magnitude with 6 of Phase 
2021-06-09 03:01:38,560:INFO:Component 1 is Image1 , component 2 is Image2
2021-06-09 03:01:38,583:INFO:Current mode is Magnitude and Phase
2021-06-09 03:01:38,584:INFO:mixing 33 of Magnitude with 6 of Phase 
2021-06-09 03:01:38,599:INFO:Component 1 is Image1 , component 2 is Image2
2021-06-09 03:01:38,613:INFO:Current mode is Magnitude and Phase
2021-06-09 03:01:38,613:INFO:mixing 35 of Magnitude with 6 of Phase 
2021-06-09 03:01:38,621:INFO:Component 1 is Image1 , component 2 is Image2
2021-06-09 03:01:38,626:INFO:Current mode is Magnitude and Phase
2021-06-09 03:01:38,626:INFO:mixing 36 of Magnitude with 6 of Phase 
2021-06-09 03:01:38,632:INFO:Component 1 is Image1 , component 2 is Image2
2021-06-09 03:01:38,641:INFO:Current mode is Magnitude and Phase
2021-06-09 03:01:38,642:INFO:mixing 37 of Magnitude with 6 of Phase 
2021-06-09 03:01:38,658:INFO:Component 1 is Image1 , component 2 is Image2
2021-06-09 03:01:38,670:INFO:Current mode is Magnitude and Phase
2021-06-09 03:01:38,671:INFO:mixing 38 of Magnitude with 6 of Phase 
2021-06-09 03:01:38,677:INFO:Component 1 is Image1 , component 2 is Image2
2021-06-09 03:01:38,701:INFO:Current mode is Magnitude and Phase
2021-06-09 03:01:38,701:INFO:mixing 39 of Magnitude with 6 of Phase 
2021-06-09 03:01:38,717:INFO:Component 1 is Image1 , component 2 is Image2
2021-06-09 03:01:38,770:INFO:Current mode is Magnitude and Phase
2021-06-09 03:01:38,771:INFO:mixing 40 of Magnitude with 6 of Phase 
2021-06-09 03:01:38,787:INFO:Component 1 is Image1 , component 2 is Image2
2021-06-09 03:01:40,257:INFO:Current mode is Magnitude and Phase
2021-06-09 03:01:40,258:INFO:mixing 40 of Magnitude with 11 of Phase 
2021-06-09 03:01:40,274:INFO:Component 1 is Image1 , component 2 is Image2
2021-06-09 03:01:40,289:INFO:Current mode is Magnitude and Phase
2021-06-09 03:01:40,290:INFO:mixing 40 of Magnitude with 25 of Phase 
2021-06-09 03:01:40,299:INFO:Component 1 is Image1 , component 2 is Image2
2021-06-09 03:01:40,305:INFO:Current mode is Magnitude and Phase
2021-06-09 03:01:40,306:INFO:mixing 40 of Magnitude with 29 of Phase 
2021-06-09 03:01:40,310:INFO:Component 1 is Image1 , component 2 is Image2
2021-06-09 03:01:40,315:INFO:Current mode is Magnitude and Phase
2021-06-09 03:01:40,316:INFO:mixing 40 of Magnitude with 34 of Phase 
2021-06-09 03:01:40,320:INFO:Component 1 is Image1 , component 2 is Image2
2021-06-09 03:01:40,325:INFO:Current mode is Magnitude and Phase
2021-06-09 03:01:40,325:INFO:mixing 40 of Magnitude with 36 of Phase 
2021-06-09 03:01:40,329:INFO:Component 1 is Image1 , component 2 is Image2
2021-06-09 03:01:40,335:INFO:Current mode is Magnitude and Phase
2021-06-09 03:01:40,335:INFO:mixing 40 of Magnitude with 39 of Phase 
2021-06-09 03:01:40,339:INFO:Component 1 is Image1 , component 2 is Image2
2021-06-09 03:01:40,345:INFO:Current mode is Magnitude and Phase
2021-06-09 03:01:40,345:INFO:mixing 40 of Magnitude with 42 of Phase 
2021-06-09 03:01:40,349:INFO:Component 1 is Image1 , component 2 is Image2
2021-06-09 03:01:40,355:INFO:Current mode is Magnitude and Phase
2021-06-09 03:01:40,355:INFO:mixing 40 of Magnitude with 45 of Phase 
2021-06-09 03:01:40,359:INFO:Component 1 is Image1 , component 2 is Image2
2021-06-09 03:01:40,365:INFO:Current mode is Magnitude and Phase
2021-06-09 03:01:40,365:INFO:mixing 40 of Magnitude with 48 of Phase 
2021-06-09 03:01:40,369:INFO:Component 1 is Image1 , component 2 is Image2
2021-06-09 03:01:40,374:INFO:Current mode is Magnitude and Phase
2021-06-09 03:01:40,375:INFO:mixing 40 of Magnitude with 50 of Phase 
2021-06-09 03:01:40,378:INFO:Component 1 is Image1 , component 2 is Image2
2021-06-09 03:01:40,384:INFO:Current mode is Magnitude and Phase
2021-06-09 03:01:40,384:INFO:mixing 40 of Magnitude with 53 of Phase 
2021-06-09 03:01:40,388:INFO:Component 1 is Image1 , component 2 is Image2
2021-06-09 03:01:40,395:INFO:Current mode is Magnitude and Phase
2021-06-09 03:01:40,395:INFO:mixing 40 of Magnitude with 56 of Phase 
2021-06-09 03:01:40,406:INFO:Component 1 is Image1 , component 2 is Image2
2021-06-09 03:01:40,412:INFO:Current mode is Magnitude and Phase
2021-06-09 03:01:40,413:INFO:mixing 40 of Magnitude with 59 of Phase 
2021-06-09 03:01:40,419:INFO:Component 1 is Image1 , component 2 is Image2
2021-06-09 03:01:40,423:INFO:Current mode is Magnitude and Phase
2021-06-09 03:01:40,423:INFO:mixing 40 of Magnitude with 62 of Phase 
2021-06-09 03:01:40,427:INFO:Component 1 is Image1 , component 2 is Image2
2021-06-09 03:01:40,432:INFO:Current mode is Magnitude and Phase
2021-06-09 03:01:40,432:INFO:mixing 40 of Magnitude with 65 of Phase 
2021-06-09 03:01:40,436:INFO:Component 1 is Image1 , component 2 is Image2
2021-06-09 03:01:40,439:INFO:Current mode is Magnitude and Phase
2021-06-09 03:01:40,440:INFO:mixing 40 of Magnitude with 69 of Phase 
2021-06-09 03:01:40,444:INFO:Component 1 is Image1 , component 2 is Image2
2021-06-09 03:01:40,447:INFO:Current mode is Magnitude and Phase
2021-06-09 03:01:40,448:INFO:mixing 40 of Magnitude with 71 of Phase 
2021-06-09 03:01:40,452:INFO:Component 1 is Image1 , component 2 is Image2
2021-06-09 03:01:40,456:INFO:Current mode is Magnitude and Phase
2021-06-09 03:01:40,456:INFO:mixing 40 of Magnitude with 74 of Phase 
2021-06-09 03:01:40,460:INFO:Component 1 is Image1 , component 2 is Image2
2021-06-09 03:01:40,463:INFO:Current mode is Magnitude and Phase
2021-06-09 03:01:40,464:INFO:mixing 40 of Magnitude with 77 of Phase 
2021-06-09 03:01:40,468:INFO:Component 1 is Image1 , component 2 is Image2
2021-06-09 03:01:40,473:INFO:Current mode is Magnitude and Phase
2021-06-09 03:01:40,473:INFO:mixing 40 of Magnitude with 80 of Phase 
2021-06-09 03:01:40,477:INFO:Component 1 is Image1 , component 2 is Image2
2021-06-09 03:01:40,483:INFO:Current mode is Magnitude and Phase
2021-06-09 03:01:40,483:INFO:mixing 40 of Magnitude with 83 of Phase 
2021-06-09 03:01:40,487:INFO:Component 1 is Image1 , component 2 is Image2
2021-06-09 03:01:40,493:INFO:Current mode is Magnitude and Phase
2021-06-09 03:01:40,493:INFO:mixing 40 of Magnitude with 87 of Phase 
2021-06-09 03:01:40,497:INFO:Component 1 is Image1 , component 2 is Image2
2021-06-09 03:01:40,503:INFO:Current mode is Magnitude and Phase
2021-06-09 03:01:40,503:INFO:mixing 40 of Magnitude with 91 of Phase 
2021-06-09 03:01:40,506:INFO:Component 1 is Image1 , component 2 is Image2
2021-06-09 03:01:40,512:INFO:Current mode is Magnitude and Phase
2021-06-09 03:01:40,512:INFO:mixing 40 of Magnitude with 93 of Phase 
2021-06-09 03:01:40,516:INFO:Component 1 is Image1 , component 2 is Image2
2021-06-09 03:01:40,522:INFO:Current mode is Magnitude and Phase
2021-06-09 03:01:40,522:INFO:mixing 40 of Magnitude with 95 of Phase 
2021-06-09 03:01:40,526:INFO:Component 1 is Image1 , component 2 is Image2
2021-06-09 03:01:40,532:INFO:Current mode is Magnitude and Phase
2021-06-09 03:01:40,532:INFO:mixing 40 of Magnitude with 96 of Phase 
2021-06-09 03:01:40,536:INFO:Component 1 is Image1 , component 2 is Image2
2021-06-09 03:01:40,542:INFO:Current mode is Magnitude and Phase
2021-06-09 03:01:40,542:INFO:mixing 40 of Magnitude with 97 of Phase 
2021-06-09 03:01:40,546:INFO:Component 1 is Image1 , component 2 is Image2
2021-06-09 03:01:41,951:INFO:Current mode is Magnitude and Phase
2021-06-09 03:01:41,952:INFO:mixing 40 of Magnitude with 96 of Phase 
2021-06-09 03:01:41,956:INFO:Component 1 is Image1 , component 2 is Image2
2021-06-09 03:01:42,001:INFO:Current mode is Magnitude and Phase
2021-06-09 03:01:42,001:INFO:mixing 40 of Magnitude with 95 of Phase 
2021-06-09 03:01:42,018:INFO:Component 1 is Image1 , component 2 is Image2
2021-06-09 03:01:42,032:INFO:Current mode is Magnitude and Phase
2021-06-09 03:01:42,032:INFO:mixing 40 of Magnitude with 90 of Phase 
2021-06-09 03:01:42,040:INFO:Component 1 is Image1 , component 2 is Image2
2021-06-09 03:01:42,045:INFO:Current mode is Magnitude and Phase
2021-06-09 03:01:42,045:INFO:mixing 40 of Magnitude with 87 of Phase 
2021-06-09 03:01:42,051:INFO:Component 1 is Image1 , component 2 is Image2
2021-06-09 03:01:42,055:INFO:Current mode is Magnitude and Phase
2021-06-09 03:01:42,056:INFO:mixing 40 of Magnitude with 84 of Phase 
2021-06-09 03:01:42,060:INFO:Component 1 is Image1 , component 2 is Image2
2021-06-09 03:01:42,064:INFO:Current mode is Magnitude and Phase
2021-06-09 03:01:42,064:INFO:mixing 40 of Magnitude with 81 of Phase 
2021-06-09 03:01:42,070:INFO:Component 1 is Image1 , component 2 is Image2
2021-06-09 03:01:42,074:INFO:Current mode is Magnitude and Phase
2021-06-09 03:01:42,074:INFO:mixing 40 of Magnitude with 80 of Phase 
2021-06-09 03:01:42,078:INFO:Component 1 is Image1 , component 2 is Image2
2021-06-09 03:01:42,082:INFO:Current mode is Magnitude and Phase
2021-06-09 03:01:42,083:INFO:mixing 40 of Magnitude with 79 of Phase 
2021-06-09 03:01:42,086:INFO:Component 1 is Image1 , component 2 is Image2
2021-06-09 03:01:42,099:INFO:Current mode is Magnitude and Phase
2021-06-09 03:01:42,099:INFO:mixing 40 of Magnitude with 78 of Phase 
2021-06-09 03:01:42,108:INFO:Component 1 is Image1 , component 2 is Image2
2021-06-09 03:01:42,128:INFO:Current mode is Magnitude and Phase
2021-06-09 03:01:42,128:INFO:mixing 40 of Magnitude with 77 of Phase 
2021-06-09 03:01:42,133:INFO:Component 1 is Image1 , component 2 is Image2
2021-06-09 03:01:42,158:INFO:Current mode is Magnitude and Phase
2021-06-09 03:01:42,159:INFO:mixing 40 of Magnitude with 76 of Phase 
2021-06-09 03:01:42,175:INFO:Component 1 is Image1 , component 2 is Image2
2021-06-09 03:01:42,198:INFO:Current mode is Magnitude and Phase
2021-06-09 03:01:42,198:INFO:mixing 40 of Magnitude with 75 of Phase 
2021-06-09 03:01:42,213:INFO:Component 1 is Image1 , component 2 is Image2
2021-06-09 03:01:42,227:INFO:Current mode is Magnitude and Phase
2021-06-09 03:01:42,227:INFO:mixing 40 of Magnitude with 74 of Phase 
2021-06-09 03:01:42,233:INFO:Component 1 is Image1 , component 2 is Image2
2021-06-09 03:01:42,267:INFO:Current mode is Magnitude and Phase
2021-06-09 03:01:42,267:INFO:mixing 40 of Magnitude with 73 of Phase 
2021-06-09 03:01:42,283:INFO:Component 1 is Image1 , component 2 is Image2
2021-06-09 03:01:42,306:INFO:Current mode is Magnitude and Phase
2021-06-09 03:01:42,307:INFO:mixing 40 of Magnitude with 72 of Phase 
2021-06-09 03:01:42,320:INFO:Component 1 is Image1 , component 2 is Image2
2021-06-09 03:01:42,335:INFO:Current mode is Magnitude and Phase
2021-06-09 03:01:42,335:INFO:mixing 40 of Magnitude with 71 of Phase 
2021-06-09 03:01:42,341:INFO:Component 1 is Image1 , component 2 is Image2
2021-06-09 03:01:42,356:INFO:Current mode is Magnitude and Phase
2021-06-09 03:01:42,356:INFO:mixing 40 of Magnitude with 70 of Phase 
2021-06-09 03:01:42,370:INFO:Component 1 is Image1 , component 2 is Image2
2021-06-09 03:01:42,378:INFO:Current mode is Magnitude and Phase
2021-06-09 03:01:42,379:INFO:mixing 40 of Magnitude with 69 of Phase 
2021-06-09 03:01:42,385:INFO:Component 1 is Image1 , component 2 is Image2
2021-06-09 03:01:42,389:INFO:Current mode is Magnitude and Phase
2021-06-09 03:01:42,390:INFO:mixing 40 of Magnitude with 68 of Phase 
2021-06-09 03:01:42,394:INFO:Component 1 is Image1 , component 2 is Image2
2021-06-09 03:01:42,398:INFO:Current mode is Magnitude and Phase
2021-06-09 03:01:42,399:INFO:mixing 40 of Magnitude with 67 of Phase 
2021-06-09 03:01:42,403:INFO:Component 1 is Image1 , component 2 is Image2
2021-06-09 03:01:42,413:INFO:Current mode is Magnitude and Phase
2021-06-09 03:01:42,414:INFO:mixing 40 of Magnitude with 66 of Phase 
2021-06-09 03:01:42,418:INFO:Component 1 is Image1 , component 2 is Image2
2021-06-09 03:01:42,434:INFO:Current mode is Magnitude and Phase
2021-06-09 03:01:42,434:INFO:mixing 40 of Magnitude with 65 of Phase 
2021-06-09 03:01:42,437:INFO:Component 1 is Image1 , component 2 is Image2
2021-06-09 03:01:42,453:INFO:Current mode is Magnitude and Phase
2021-06-09 03:01:42,453:INFO:mixing 40 of Magnitude with 64 of Phase 
2021-06-09 03:01:42,457:INFO:Component 1 is Image1 , component 2 is Image2
2021-06-09 03:01:42,473:INFO:Current mode is Magnitude and Phase
2021-06-09 03:01:42,474:INFO:mixing 40 of Magnitude with 63 of Phase 
2021-06-09 03:01:42,490:INFO:Component 1 is Image1 , component 2 is Image2
2021-06-09 03:01:42,500:INFO:Current mode is Magnitude and Phase
2021-06-09 03:01:42,500:INFO:mixing 40 of Magnitude with 62 of Phase 
2021-06-09 03:01:42,507:INFO:Component 1 is Image1 , component 2 is Image2
2021-06-09 03:01:42,512:INFO:Current mode is Magnitude and Phase
2021-06-09 03:01:42,513:INFO:mixing 40 of Magnitude with 61 of Phase 
2021-06-09 03:01:42,518:INFO:Component 1 is Image1 , component 2 is Image2
2021-06-09 03:01:42,522:INFO:Current mode is Magnitude and Phase
2021-06-09 03:01:42,522:INFO:mixing 40 of Magnitude with 60 of Phase 
2021-06-09 03:01:42,526:INFO:Component 1 is Image1 , component 2 is Image2
2021-06-09 03:01:42,542:INFO:Current mode is Magnitude and Phase
2021-06-09 03:01:42,542:INFO:mixing 40 of Magnitude with 59 of Phase 
2021-06-09 03:01:42,551:INFO:Component 1 is Image1 , component 2 is Image2
2021-06-09 03:01:42,557:INFO:Current mode is Magnitude and Phase
2021-06-09 03:01:42,557:INFO:mixing 40 of Magnitude with 58 of Phase 
2021-06-09 03:01:42,563:INFO:Component 1 is Image1 , component 2 is Image2
2021-06-09 03:01:42,567:INFO:Current mode is Magnitude and Phase
2021-06-09 03:01:42,567:INFO:mixing 40 of Magnitude with 57 of Phase 
2021-06-09 03:01:42,572:INFO:Component 1 is Image1 , component 2 is Image2
2021-06-09 03:01:42,575:INFO:Current mode is Magnitude and Phase
2021-06-09 03:01:42,575:INFO:mixing 40 of Magnitude with 55 of Phase 
2021-06-09 03:01:42,579:INFO:Component 1 is Image1 , component 2 is Image2
2021-06-09 03:01:42,583:INFO:Current mode is Magnitude and Phase
2021-06-09 03:01:42,583:INFO:mixing 40 of Magnitude with 53 of Phase 
2021-06-09 03:01:42,587:INFO:Component 1 is Image1 , component 2 is Image2
2021-06-09 03:01:42,591:INFO:Current mode is Magnitude and Phase
2021-06-09 03:01:42,591:INFO:mixing 40 of Magnitude with 51 of Phase 
2021-06-09 03:01:42,595:INFO:Component 1 is Image1 , component 2 is Image2
2021-06-09 03:01:42,601:INFO:Current mode is Magnitude and Phase
2021-06-09 03:01:42,601:INFO:mixing 40 of Magnitude with 49 of Phase 
2021-06-09 03:01:42,605:INFO:Component 1 is Image1 , component 2 is Image2
2021-06-09 03:01:42,611:INFO:Current mode is Magnitude and Phase
2021-06-09 03:01:42,611:INFO:mixing 40 of Magnitude with 47 of Phase 
2021-06-09 03:01:42,615:INFO:Component 1 is Image1 , component 2 is Image2
2021-06-09 03:01:42,620:INFO:Current mode is Magnitude and Phase
2021-06-09 03:01:42,621:INFO:mixing 40 of Magnitude with 45 of Phase 
2021-06-09 03:01:42,624:INFO:Component 1 is Image1 , component 2 is Image2
2021-06-09 03:01:42,630:INFO:Current mode is Magnitude and Phase
2021-06-09 03:01:42,630:INFO:mixing 40 of Magnitude with 43 of Phase 
2021-06-09 03:01:42,635:INFO:Component 1 is Image1 , component 2 is Image2
2021-06-09 03:01:42,640:INFO:Current mode is Magnitude and Phase
2021-06-09 03:01:42,640:INFO:mixing 40 of Magnitude with 41 of Phase 
2021-06-09 03:01:42,644:INFO:Component 1 is Image1 , component 2 is Image2
2021-06-09 03:01:42,651:INFO:Current mode is Magnitude and Phase
2021-06-09 03:01:42,651:INFO:mixing 40 of Magnitude with 40 of Phase 
2021-06-09 03:01:42,655:INFO:Component 1 is Image1 , component 2 is Image2
2021-06-09 03:01:42,660:INFO:Current mode is Magnitude and Phase
2021-06-09 03:01:42,660:INFO:mixing 40 of Magnitude with 37 of Phase 
2021-06-09 03:01:42,664:INFO:Component 1 is Image1 , component 2 is Image2
2021-06-09 03:01:42,670:INFO:Current mode is Magnitude and Phase
2021-06-09 03:01:42,670:INFO:mixing 40 of Magnitude with 35 of Phase 
2021-06-09 03:01:42,674:INFO:Component 1 is Image1 , component 2 is Image2
2021-06-09 03:01:42,680:INFO:Current mode is Magnitude and Phase
2021-06-09 03:01:42,680:INFO:mixing 40 of Magnitude with 32 of Phase 
2021-06-09 03:01:42,684:INFO:Component 1 is Image1 , component 2 is Image2
2021-06-09 03:01:42,689:INFO:Current mode is Magnitude and Phase
2021-06-09 03:01:42,689:INFO:mixing 40 of Magnitude with 30 of Phase 
2021-06-09 03:01:42,693:INFO:Component 1 is Image1 , component 2 is Image2
2021-06-09 03:01:42,699:INFO:Current mode is Magnitude and Phase
2021-06-09 03:01:42,699:INFO:mixing 40 of Magnitude with 27 of Phase 
2021-06-09 03:01:42,703:INFO:Component 1 is Image1 , component 2 is Image2
2021-06-09 03:01:42,709:INFO:Current mode is Magnitude and Phase
2021-06-09 03:01:42,709:INFO:mixing 40 of Magnitude with 26 of Phase 
2021-06-09 03:01:42,713:INFO:Component 1 is Image1 , component 2 is Image2
2021-06-09 03:01:42,719:INFO:Current mode is Magnitude and Phase
2021-06-09 03:01:42,719:INFO:mixing 40 of Magnitude with 25 of Phase 
2021-06-09 03:01:42,722:INFO:Component 1 is Image1 , component 2 is Image2
2021-06-09 03:01:42,729:INFO:Current mode is Magnitude and Phase
2021-06-09 03:01:42,729:INFO:mixing 40 of Magnitude with 23 of Phase 
2021-06-09 03:01:42,733:INFO:Component 1 is Image1 , component 2 is Image2
2021-06-09 03:01:42,739:INFO:Current mode is Magnitude and Phase
2021-06-09 03:01:42,739:INFO:mixing 40 of Magnitude with 22 of Phase 
2021-06-09 03:01:42,743:INFO:Component 1 is Image1 , component 2 is Image2
2021-06-09 03:01:42,748:INFO:Current mode is Magnitude and Phase
2021-06-09 03:01:42,749:INFO:mixing 40 of Magnitude with 21 of Phase 
2021-06-09 03:01:42,752:INFO:Component 1 is Image1 , component 2 is Image2
2021-06-09 03:01:42,759:INFO:Current mode is Magnitude and Phase
2021-06-09 03:01:42,759:INFO:mixing 40 of Magnitude with 20 of Phase 
2021-06-09 03:01:42,776:INFO:Component 1 is Image1 , component 2 is Image2
2021-06-09 03:01:42,790:INFO:Current mode is Magnitude and Phase
2021-06-09 03:01:42,791:INFO:mixing 40 of Magnitude with 18 of Phase 
2021-06-09 03:01:42,799:INFO:Component 1 is Image1 , component 2 is Image2
2021-06-09 03:01:42,805:INFO:Current mode is Magnitude and Phase
2021-06-09 03:01:42,805:INFO:mixing 40 of Magnitude with 17 of Phase 
2021-06-09 03:01:42,810:INFO:Component 1 is Image1 , component 2 is Image2
2021-06-09 03:01:42,815:INFO:Current mode is Magnitude and Phase
2021-06-09 03:01:42,815:INFO:mixing 40 of Magnitude with 16 of Phase 
2021-06-09 03:01:42,819:INFO:Component 1 is Image1 , component 2 is Image2
2021-06-09 03:01:42,828:INFO:Current mode is Magnitude and Phase
2021-06-09 03:01:42,829:INFO:mixing 40 of Magnitude with 15 of Phase 
2021-06-09 03:01:42,845:INFO:Component 1 is Image1 , component 2 is Image2
2021-06-09 03:01:42,867:INFO:Current mode is Magnitude and Phase
2021-06-09 03:01:42,868:INFO:mixing 40 of Magnitude with 14 of Phase 
2021-06-09 03:01:42,877:INFO:Component 1 is Image1 , component 2 is Image2
2021-06-09 03:01:42,917:INFO:Current mode is Magnitude and Phase
2021-06-09 03:01:42,918:INFO:mixing 40 of Magnitude with 13 of Phase 
2021-06-09 03:01:42,933:INFO:Component 1 is Image1 , component 2 is Image2
2021-06-09 03:01:43,380:INFO:Current mode is Magnitude and Phase
2021-06-09 03:01:43,380:INFO:mixing 40 of Magnitude with 12 of Phase 
2021-06-09 03:01:43,390:INFO:Component 1 is Image1 , component 2 is Image2
2021-06-09 03:01:43,508:INFO:Current mode is Magnitude and Phase
2021-06-09 03:01:43,509:INFO:mixing 40 of Magnitude with 11 of Phase 
2021-06-09 03:01:43,524:INFO:Component 1 is Image1 , component 2 is Image2
2021-06-09 03:01:43,540:INFO:Current mode is Magnitude and Phase
2021-06-09 03:01:43,541:INFO:mixing 40 of Magnitude with 10 of Phase 
2021-06-09 03:01:43,551:INFO:Component 1 is Image1 , component 2 is Image2
2021-06-09 03:01:43,557:INFO:Current mode is Magnitude and Phase
2021-06-09 03:01:43,557:INFO:mixing 40 of Magnitude with 9 of Phase 
2021-06-09 03:01:43,563:INFO:Component 1 is Image1 , component 2 is Image2
2021-06-09 03:01:43,596:INFO:Current mode is Magnitude and Phase
2021-06-09 03:01:43,596:INFO:mixing 40 of Magnitude with 8 of Phase 
2021-06-09 03:01:43,601:INFO:Component 1 is Image1 , component 2 is Image2
2021-06-09 03:01:46,099:INFO:Current mode is Magnitude and Phase
2021-06-09 03:01:46,100:INFO:mixing 43 of Magnitude with 8 of Phase 
2021-06-09 03:01:46,107:INFO:Component 1 is Image1 , component 2 is Image2
2021-06-09 03:01:46,111:INFO:Current mode is Magnitude and Phase
2021-06-09 03:01:46,111:INFO:mixing 46 of Magnitude with 8 of Phase 
2021-06-09 03:01:46,115:INFO:Component 1 is Image1 , component 2 is Image2
2021-06-09 03:01:46,118:INFO:Current mode is Magnitude and Phase
2021-06-09 03:01:46,118:INFO:mixing 49 of Magnitude with 8 of Phase 
2021-06-09 03:01:46,122:INFO:Component 1 is Image1 , component 2 is Image2
2021-06-09 03:01:46,127:INFO:Current mode is Magnitude and Phase
2021-06-09 03:01:46,127:INFO:mixing 50 of Magnitude with 8 of Phase 
2021-06-09 03:01:46,131:INFO:Component 1 is Image1 , component 2 is Image2
2021-06-09 03:01:46,137:INFO:Current mode is Magnitude and Phase
2021-06-09 03:01:46,138:INFO:mixing 52 of Magnitude with 8 of Phase 
2021-06-09 03:01:46,141:INFO:Component 1 is Image1 , component 2 is Image2
2021-06-09 03:01:46,148:INFO:Current mode is Magnitude and Phase
2021-06-09 03:01:46,148:INFO:mixing 53 of Magnitude with 8 of Phase 
2021-06-09 03:01:46,152:INFO:Component 1 is Image1 , component 2 is Image2
2021-06-09 03:01:46,168:INFO:Current mode is Magnitude and Phase
2021-06-09 03:01:46,169:INFO:mixing 54 of Magnitude with 8 of Phase 
2021-06-09 03:01:46,177:INFO:Component 1 is Image1 , component 2 is Image2
2021-06-09 03:01:46,197:INFO:Current mode is Magnitude and Phase
2021-06-09 03:01:46,198:INFO:mixing 55 of Magnitude with 8 of Phase 
2021-06-09 03:01:46,214:INFO:Component 1 is Image1 , component 2 is Image2
2021-06-09 03:01:46,246:INFO:Current mode is Magnitude and Phase
2021-06-09 03:01:46,247:INFO:mixing 56 of Magnitude with 8 of Phase 
2021-06-09 03:01:46,263:INFO:Component 1 is Image1 , component 2 is Image2
